{"/home/alessandro/Universita/Tesi/TaskFlow/renderer/utils/dateUtils.js": {"path":"/home/alessandro/Universita/Tesi/TaskFlow/renderer/utils/dateUtils.js","statementMap":{"0":{"start":{"line":2,"column":4},"end":{"line":4,"column":5}},"1":{"start":{"line":3,"column":8},"end":{"line":3,"column":20}},"2":{"start":{"line":6,"column":17},"end":{"line":6,"column":35}},"3":{"start":{"line":7,"column":18},"end":{"line":7,"column":57}},"4":{"start":{"line":8,"column":16},"end":{"line":8,"column":48}},"5":{"start":{"line":10,"column":4},"end":{"line":16,"column":5}},"6":{"start":{"line":11,"column":8},"end":{"line":11,"column":41}},"7":{"start":{"line":12,"column":11},"end":{"line":16,"column":5}},"8":{"start":{"line":13,"column":8},"end":{"line":13,"column":41}},"9":{"start":{"line":15,"column":8},"end":{"line":15,"column":50}},"10":{"start":{"line":20,"column":4},"end":{"line":22,"column":5}},"11":{"start":{"line":21,"column":8},"end":{"line":21,"column":17}},"12":{"start":{"line":24,"column":19},"end":{"line":24,"column":38}},"13":{"start":{"line":25,"column":21},"end":{"line":25,"column":55}},"14":{"start":{"line":26,"column":4},"end":{"line":26,"column":20}},"15":{"start":{"line":30,"column":4},"end":{"line":32,"column":5}},"16":{"start":{"line":31,"column":8},"end":{"line":31,"column":21}},"17":{"start":{"line":33,"column":4},"end":{"line":33,"column":29}},"18":{"start":{"line":37,"column":4},"end":{"line":39,"column":5}},"19":{"start":{"line":38,"column":8},"end":{"line":38,"column":20}},"20":{"start":{"line":40,"column":4},"end":{"line":42,"column":5}},"21":{"start":{"line":41,"column":8},"end":{"line":41,"column":20}},"22":{"start":{"line":44,"column":19},"end":{"line":44,"column":33}},"23":{"start":{"line":45,"column":4},"end":{"line":45,"column":44}},"24":{"start":{"line":46,"column":4},"end":{"line":46,"column":18}},"25":{"start":{"line":49,"column":0},"end":{"line":54,"column":2}}},"fnMap":{"0":{"name":"formatDate","decl":{"start":{"line":1,"column":9},"end":{"line":1,"column":19}},"loc":{"start":{"line":1,"column":34},"end":{"line":17,"column":1}},"line":1},"1":{"name":"dateInDays","decl":{"start":{"line":19,"column":9},"end":{"line":19,"column":19}},"loc":{"start":{"line":19,"column":32},"end":{"line":27,"column":1}},"line":19},"2":{"name":"isFutureDate","decl":{"start":{"line":29,"column":9},"end":{"line":29,"column":21}},"loc":{"start":{"line":29,"column":28},"end":{"line":34,"column":1}},"line":29},"3":{"name":"addDays","decl":{"start":{"line":36,"column":9},"end":{"line":36,"column":16}},"loc":{"start":{"line":36,"column":29},"end":{"line":47,"column":1}},"line":36}},"branchMap":{"0":{"loc":{"start":{"line":2,"column":4},"end":{"line":4,"column":5}},"type":"if","locations":[{"start":{"line":2,"column":4},"end":{"line":4,"column":5}},{"start":{},"end":{}}],"line":2},"1":{"loc":{"start":{"line":2,"column":8},"end":{"line":2,"column":46}},"type":"binary-expr","locations":[{"start":{"line":2,"column":8},"end":{"line":2,"column":31}},{"start":{"line":2,"column":35},"end":{"line":2,"column":46}}],"line":2},"2":{"loc":{"start":{"line":10,"column":4},"end":{"line":16,"column":5}},"type":"if","locations":[{"start":{"line":10,"column":4},"end":{"line":16,"column":5}},{"start":{"line":12,"column":11},"end":{"line":16,"column":5}}],"line":10},"3":{"loc":{"start":{"line":12,"column":11},"end":{"line":16,"column":5}},"type":"if","locations":[{"start":{"line":12,"column":11},"end":{"line":16,"column":5}},{"start":{"line":14,"column":11},"end":{"line":16,"column":5}}],"line":12},"4":{"loc":{"start":{"line":20,"column":4},"end":{"line":22,"column":5}},"type":"if","locations":[{"start":{"line":20,"column":4},"end":{"line":22,"column":5}},{"start":{},"end":{}}],"line":20},"5":{"loc":{"start":{"line":20,"column":8},"end":{"line":20,"column":88}},"type":"binary-expr","locations":[{"start":{"line":20,"column":8},"end":{"line":20,"column":32}},{"start":{"line":20,"column":36},"end":{"line":20,"column":48}},{"start":{"line":20,"column":52},"end":{"line":20,"column":74}},{"start":{"line":20,"column":78},"end":{"line":20,"column":88}}],"line":20},"6":{"loc":{"start":{"line":30,"column":4},"end":{"line":32,"column":5}},"type":"if","locations":[{"start":{"line":30,"column":4},"end":{"line":32,"column":5}},{"start":{},"end":{}}],"line":30},"7":{"loc":{"start":{"line":30,"column":8},"end":{"line":30,"column":46}},"type":"binary-expr","locations":[{"start":{"line":30,"column":8},"end":{"line":30,"column":31}},{"start":{"line":30,"column":35},"end":{"line":30,"column":46}}],"line":30},"8":{"loc":{"start":{"line":37,"column":4},"end":{"line":39,"column":5}},"type":"if","locations":[{"start":{"line":37,"column":4},"end":{"line":39,"column":5}},{"start":{},"end":{}}],"line":37},"9":{"loc":{"start":{"line":37,"column":8},"end":{"line":37,"column":46}},"type":"binary-expr","locations":[{"start":{"line":37,"column":8},"end":{"line":37,"column":31}},{"start":{"line":37,"column":35},"end":{"line":37,"column":46}}],"line":37},"10":{"loc":{"start":{"line":40,"column":4},"end":{"line":42,"column":5}},"type":"if","locations":[{"start":{"line":40,"column":4},"end":{"line":42,"column":5}},{"start":{},"end":{}}],"line":40},"11":{"loc":{"start":{"line":40,"column":8},"end":{"line":40,"column":59}},"type":"binary-expr","locations":[{"start":{"line":40,"column":8},"end":{"line":40,"column":32}},{"start":{"line":40,"column":36},"end":{"line":40,"column":59}}],"line":40}},"s":{"0":5,"1":3,"2":2,"3":2,"4":2,"5":2,"6":1,"7":1,"8":1,"9":0,"10":4,"11":2,"12":2,"13":2,"14":2,"15":4,"16":2,"17":2,"18":4,"19":1,"20":3,"21":1,"22":2,"23":2,"24":2,"25":1},"f":{"0":5,"1":4,"2":4,"3":4},"b":{"0":[3,2],"1":[5,2],"2":[1,1],"3":[1,0],"4":[2,2],"5":[4,3,3,2],"6":[2,2],"7":[4,2],"8":[1,3],"9":[4,3],"10":[1,2],"11":[3,2]},"_coverageSchema":"1a1c01bbd47fc00a2c39e90264f33305004495a9","hash":"ad7c0dcdd3cc426e7252f14cc1523fc818205269"}
}
