TN:
SF:renderer/models/activity.js
FN:2,(anonymous_0)
FNF:1
FNH:1
FNDA:6,(anonymous_0)
DA:3,6
DA:4,0
DA:6,6
DA:7,0
DA:9,6
DA:10,0
DA:12,6
DA:13,0
DA:16,6
DA:17,6
DA:18,6
DA:19,6
DA:20,6
DA:24,1
LF:14
LH:10
BRDA:2,0,0,6
BRDA:2,1,0,6
BRDA:3,2,0,0
BRDA:3,2,1,6
BRDA:3,3,0,6
BRDA:3,3,1,6
BRDA:6,4,0,0
BRDA:6,4,1,6
BRDA:6,5,0,6
BRDA:6,5,1,6
BRDA:9,6,0,0
BRDA:9,6,1,6
BRDA:9,7,0,6
BRDA:9,7,1,0
BRDA:12,8,0,0
BRDA:12,8,1,6
BRDA:12,9,0,6
BRDA:12,9,1,6
BRF:18
BRH:13
end_of_record
TN:
SF:renderer/models/project.js
FN:2,(anonymous_0)
FN:8,(anonymous_1)
FN:12,(anonymous_2)
FN:13,(anonymous_3)
FNF:4
FNH:4
FNDA:8,(anonymous_0)
FNDA:6,(anonymous_1)
FNDA:3,(anonymous_2)
FNDA:3,(anonymous_3)
DA:3,8
DA:4,8
DA:5,8
DA:9,6
DA:13,3
DA:14,3
DA:15,3
DA:20,1
LF:8
LH:8
BRDA:2,0,0,7
BRDA:15,1,0,1
BRDA:15,1,1,2
BRDA:15,2,0,3
BRDA:15,2,1,2
BRF:5
BRH:5
end_of_record
